<?xml version="1.0" encoding="UTF-8"?>
<testng-results ignored="0" total="8" passed="8" failed="0" skipped="0">
  <reporter-output>
  </reporter-output>
  <suite started-at="2020-12-24T20:26:26 IST" name="TestNG Session Test Automation Suite" finished-at="2020-12-24T20:26:48 IST" duration-ms="22820">
    <groups>
    </groups>
    <test started-at="2020-12-24T20:26:26 IST" name="Different testng feature test" finished-at="2020-12-24T20:26:48 IST" duration-ms="22820">
      <class name="TestNextGeneration.AssertionsTest">
        <test-method is-config="true" signature="beforeTest()[pri:0, instance:TestNextGeneration.AssertionsTest@23f7d05d]" started-at="2020-12-24T20:26:34 IST" name="beforeTest" finished-at="2020-12-24T20:26:41 IST" duration-ms="6711" status="PASS">
          <reporter-output>
          </reporter-output>
        </test-method> <!-- beforeTest -->
        <test-method signature="CurrentUrl()[pri:0, instance:TestNextGeneration.AssertionsTest@23f7d05d]" started-at="2020-12-24T20:26:47 IST" name="CurrentUrl" finished-at="2020-12-24T20:26:47 IST" duration-ms="14" status="PASS">
          <reporter-output>
          </reporter-output>
        </test-method> <!-- CurrentUrl -->
        <test-method signature="add()[pri:0, instance:TestNextGeneration.AssertionsTest@23f7d05d]" started-at="2020-12-24T20:26:47 IST" name="add" finished-at="2020-12-24T20:26:47 IST" duration-ms="7" status="PASS">
          <reporter-output>
          </reporter-output>
        </test-method> <!-- add -->
        <test-method signature="title()[pri:0, instance:TestNextGeneration.AssertionsTest@23f7d05d]" started-at="2020-12-24T20:26:47 IST" name="title" finished-at="2020-12-24T20:26:47 IST" duration-ms="32" status="PASS">
          <reporter-output>
          </reporter-output>
        </test-method> <!-- title -->
        <test-method is-config="true" signature="last()[pri:0, instance:TestNextGeneration.AssertionsTest@23f7d05d]" started-at="2020-12-24T20:26:48 IST" name="last" finished-at="2020-12-24T20:26:48 IST" duration-ms="219" status="PASS">
          <reporter-output>
          </reporter-output>
        </test-method> <!-- last -->
      </class> <!-- TestNextGeneration.AssertionsTest -->
      <class name="TestNextGeneration.AnnotationsTest">
        <test-method is-config="true" signature="beforeTest()[pri:0, instance:TestNextGeneration.AnnotationsTest@23986957]" started-at="2020-12-24T20:26:26 IST" name="beforeTest" finished-at="2020-12-24T20:26:34 IST" duration-ms="8284" status="PASS">
          <reporter-output>
          </reporter-output>
        </test-method> <!-- beforeTest -->
        <test-method signature="CurrentUrl()[pri:0, instance:TestNextGeneration.AnnotationsTest@23986957]" started-at="2020-12-24T20:26:47 IST" name="CurrentUrl" finished-at="2020-12-24T20:26:47 IST" duration-ms="32" status="PASS">
          <reporter-output>
          </reporter-output>
        </test-method> <!-- CurrentUrl -->
        <test-method signature="title()[pri:0, instance:TestNextGeneration.AnnotationsTest@23986957]" started-at="2020-12-24T20:26:47 IST" name="title" finished-at="2020-12-24T20:26:47 IST" duration-ms="23" status="PASS">
          <reporter-output>
          </reporter-output>
        </test-method> <!-- title -->
        <test-method is-config="true" signature="last()[pri:0, instance:TestNextGeneration.AnnotationsTest@23986957]" started-at="2020-12-24T20:26:47 IST" name="last" finished-at="2020-12-24T20:26:48 IST" duration-ms="608" status="PASS">
          <reporter-output>
          </reporter-output>
        </test-method> <!-- last -->
      </class> <!-- TestNextGeneration.AnnotationsTest -->
      <class name="TestNextGeneration.DependsOnTest">
        <test-method is-config="true" signature="beforeTest()[pri:0, instance:TestNextGeneration.DependsOnTest@1e730495]" started-at="2020-12-24T20:26:41 IST" name="beforeTest" finished-at="2020-12-24T20:26:47 IST" duration-ms="6585" status="PASS">
          <reporter-output>
          </reporter-output>
        </test-method> <!-- beforeTest -->
        <test-method signature="CurrentUrl()[pri:0, instance:TestNextGeneration.DependsOnTest@1e730495]" started-at="2020-12-24T20:26:47 IST" name="CurrentUrl" finished-at="2020-12-24T20:26:47 IST" duration-ms="23" status="PASS">
          <reporter-output>
          </reporter-output>
        </test-method> <!-- CurrentUrl -->
        <test-method signature="add()[pri:0, instance:TestNextGeneration.DependsOnTest@1e730495]" started-at="2020-12-24T20:26:47 IST" name="add" finished-at="2020-12-24T20:26:47 IST" duration-ms="2" status="PASS">
          <reporter-output>
          </reporter-output>
        </test-method> <!-- add -->
        <test-method signature="title()[pri:0, instance:TestNextGeneration.DependsOnTest@1e730495]" started-at="2020-12-24T20:26:47 IST" name="title" finished-at="2020-12-24T20:26:47 IST" depends-on-methods="TestNextGeneration.DependsOnTest.CurrentUrl" duration-ms="23" status="PASS">
          <reporter-output>
          </reporter-output>
        </test-method> <!-- title -->
        <test-method is-config="true" signature="last()[pri:0, instance:TestNextGeneration.DependsOnTest@1e730495]" started-at="2020-12-24T20:26:48 IST" name="last" finished-at="2020-12-24T20:26:48 IST" duration-ms="174" status="PASS">
          <reporter-output>
          </reporter-output>
        </test-method> <!-- last -->
      </class> <!-- TestNextGeneration.DependsOnTest -->
    </test> <!-- Different testng feature test -->
  </suite> <!-- TestNG Session Test Automation Suite -->
</testng-results>
