<?xml version="1.0" encoding="UTF-8"?>
<!-- Generated by org.testng.reporters.JUnitXMLReporter -->
<testsuite ignored="0" hostname="C1ML21080" failures="0" tests="3" name="Default test" time="6.562" errors="0" timestamp="2020-12-24T20:16:23 IST">
  <testcase classname="TestNextGeneration.DependsOnTest" name="CurrentUrl" time="0.016"/>
  <testcase classname="TestNextGeneration.DependsOnTest" name="add" time="0.003"/>
  <testcase classname="TestNextGeneration.DependsOnTest" name="title" time="0.02"/>
</testsuite> <!-- Default test -->
