<?xml version="1.0" encoding="UTF-8"?>
<!-- Generated by org.testng.reporters.JUnitXMLReporter -->
<testsuite ignored="0" hostname="C1ML21080" failures="0" tests="8" name="Different testng feature test" time="22.82" errors="0" timestamp="2020-12-24T20:26:48 IST">
  <testcase classname="TestNextGeneration.AnnotationsTest" name="CurrentUrl" time="0.032"/>
  <testcase classname="TestNextGeneration.AnnotationsTest" name="title" time="0.023"/>
  <testcase classname="TestNextGeneration.AssertionsTest" name="CurrentUrl" time="0.014"/>
  <testcase classname="TestNextGeneration.AssertionsTest" name="add" time="0.007"/>
  <testcase classname="TestNextGeneration.AssertionsTest" name="title" time="0.032"/>
  <testcase classname="TestNextGeneration.DependsOnTest" name="CurrentUrl" time="0.023"/>
  <testcase classname="TestNextGeneration.DependsOnTest" name="add" time="0.002"/>
  <testcase classname="TestNextGeneration.DependsOnTest" name="title" time="0.023"/>
</testsuite> <!-- Different testng feature test -->
